<?xml version="1.0" encoding="UTF-8"?>
<!-- Generated by org.testng.reporters.JUnitReportReporter -->
<testsuite ignored="0" hostname="Revolutions-MacBook-Pro.local" failures="0" tests="2" name="Tests.VerifySearch" time="63.974" errors="0" timestamp="03 Jun 2020 01:33:38 GMT" skipped="0">
  <testcase classname="Tests.VerifySearch" name="verifySearchSteps" time="37.724"/>
  <testcase classname="Tests.VerifySearch" name="verifySearchSteps" time="26.250"/>
</testsuite> <!-- Tests.VerifySearch -->
