<?xml version="1.0" encoding="UTF-8"?>
<!-- Generated by org.testng.reporters.JUnitReportReporter -->
<testsuite ignored="0" hostname="Revolutions-MacBook-Pro.local" failures="0" tests="2" name="Tests.VerifySearch" time="10.360" errors="0" timestamp="02 Jun 2020 06:13:22 GMT" skipped="0">
  <testcase classname="Tests.VerifySearch" name="verifySearchSteps" time="6.418"/>
  <testcase classname="Tests.VerifySearch" name="verifySearchSteps" time="3.942"/>
</testsuite> <!-- Tests.VerifySearch -->
