<?xml version="1.0" encoding="UTF-8"?>
<!-- Generated by org.testng.reporters.JUnitReportReporter -->
<testsuite ignored="0" hostname="Revolutions-MacBook-Pro.local" failures="0" tests="2" name="Tests.VerifySearch" time="16.997" errors="0" timestamp="02 Jun 2020 07:17:02 GMT" skipped="0">
  <testcase classname="Tests.VerifySearch" name="verifySearchSteps" time="8.185"/>
  <testcase classname="Tests.VerifySearch" name="verifySearchSteps" time="8.812"/>
</testsuite> <!-- Tests.VerifySearch -->
